# JRE version: OpenJDK Runtime Environment (8.0_152-b06) (build 1.8.0_152-release-1136-b06)
# Java VM: OpenJDK 64-Bit Server VM (25.152-b06 mixed mode windows-amd64 compressed oops)
Heap:
 PSYoungGen      total 391168K, used 296921K [0x00000000e0000000, 0x00000000fbf80000, 0x0000000100000000)
  eden space 348672K, 72% used [0x00000000e0000000,0x00000000ef877b10,0x00000000f5480000)
  from space 42496K, 99% used [0x00000000f9580000,0x00000000fbefeab0,0x00000000fbf00000)
  to   space 54784K, 0% used [0x00000000f5480000,0x00000000f5480000,0x00000000f8a00000)
 ParOldGen       total 161792K, used 82181K [0x00000000a0000000, 0x00000000a9e00000, 0x00000000e0000000)
  object space 161792K, 50% used [0x00000000a0000000,0x00000000a50415b8,0x00000000a9e00000)
 Metaspace       used 85445K, capacity 89142K, committed 89384K, reserved 1126400K
  class space    used 10827K, capacity 11568K, committed 11568K, reserved 1048576K
GC Heap History (10 events):
Event: 30.451 GC heap before
{Heap before GC invocations=21 (full 3):
 PSYoungGen      total 338944K, used 325532K [0x00000000e0000000, 0x00000000f8100000, 0x0000000100000000)
  eden space 320000K, 100% used [0x00000000e0000000,0x00000000f3880000,0x00000000f3880000)
  from space 18944K, 29% used [0x00000000f3880000,0x00000000f3de71b0,0x00000000f4b00000)
  to   space 18944K, 0% used [0x00000000f6e80000,0x00000000f6e80000,0x00000000f8100000)
 ParOldGen       total 161792K, used 45242K [0x00000000a0000000, 0x00000000a9e00000, 0x00000000e0000000)
  object space 161792K, 27% used [0x00000000a0000000,0x00000000a2c2e958,0x00000000a9e00000)
 Metaspace       used 68899K, capacity 71746K, committed 71976K, reserved 1112064K
  class space    used 9133K, capacity 9739K, committed 9776K, reserved 1048576K
Event: 30.523 GC heap after
Heap after GC invocations=21 (full 3):
 PSYoungGen      total 365056K, used 18924K [0x00000000e0000000, 0x00000000f9680000, 0x0000000100000000)
  eden space 346112K, 0% used [0x00000000e0000000,0x00000000e0000000,0x00000000f5200000)
  from space 18944K, 99% used [0x00000000f6e80000,0x00000000f80fb3d8,0x00000000f8100000)
  to   space 29184K, 0% used [0x00000000f5200000,0x00000000f5200000,0x00000000f6e80000)
 ParOldGen       total 161792K, used 66603K [0x00000000a0000000, 0x00000000a9e00000, 0x00000000e0000000)
  object space 161792K, 41% used [0x00000000a0000000,0x00000000a410aed0,0x00000000a9e00000)
 Metaspace       used 68899K, capacity 71746K, committed 71976K, reserved 1112064K
  class space    used 9133K, capacity 9739K, committed 9776K, reserved 1048576K
}
Event: 35.890 GC heap before
{Heap before GC invocations=22 (full 3):
 PSYoungGen      total 365056K, used 365036K [0x00000000e0000000, 0x00000000f9680000, 0x0000000100000000)
  eden space 346112K, 100% used [0x00000000e0000000,0x00000000f5200000,0x00000000f5200000)
  from space 18944K, 99% used [0x00000000f6e80000,0x00000000f80fb3d8,0x00000000f8100000)
  to   space 29184K, 0% used [0x00000000f5200000,0x00000000f5200000,0x00000000f6e80000)
 ParOldGen       total 161792K, used 66603K [0x00000000a0000000, 0x00000000a9e00000, 0x00000000e0000000)
  object space 161792K, 41% used [0x00000000a0000000,0x00000000a410aed0,0x00000000a9e00000)
 Metaspace       used 70849K, capacity 73852K, committed 74024K, reserved 1114112K
  class space    used 9396K, capacity 10022K, committed 10032K, reserved 1048576K
Event: 35.931 GC heap after
Heap after GC invocations=22 (full 3):
 PSYoungGen      total 375296K, used 28299K [0x00000000e0000000, 0x00000000fb900000, 0x0000000100000000)
  eden space 346112K, 0% used [0x00000000e0000000,0x00000000e0000000,0x00000000f5200000)
  from space 29184K, 96% used [0x00000000f5200000,0x00000000f6da2c38,0x00000000f6e80000)
  to   space 33792K, 0% used [0x00000000f9800000,0x00000000f9800000,0x00000000fb900000)
 ParOldGen       total 161792K, used 69510K [0x00000000a0000000, 0x00000000a9e00000, 0x00000000e0000000)
  object space 161792K, 42% used [0x00000000a0000000,0x00000000a43e1bb0,0x00000000a9e00000)
 Metaspace       used 70849K, capacity 73852K, committed 74024K, reserved 1114112K
  class space    used 9396K, capacity 10022K, committed 10032K, reserved 1048576K
}
Event: 192.946 GC heap before
{Heap before GC invocations=23 (full 3):
 PSYoungGen      total 375296K, used 374411K [0x00000000e0000000, 0x00000000fb900000, 0x0000000100000000)
  eden space 346112K, 100% used [0x00000000e0000000,0x00000000f5200000,0x00000000f5200000)
  from space 29184K, 96% used [0x00000000f5200000,0x00000000f6da2c38,0x00000000f6e80000)
  to   space 33792K, 0% used [0x00000000f9800000,0x00000000f9800000,0x00000000fb900000)
 ParOldGen       total 161792K, used 69510K [0x00000000a0000000, 0x00000000a9e00000, 0x00000000e0000000)
  object space 161792K, 42% used [0x00000000a0000000,0x00000000a43e1bb0,0x00000000a9e00000)
 Metaspace       used 74813K, capacity 78112K, committed 78376K, reserved 1118208K
  class space    used 9789K, capacity 10462K, committed 10544K, reserved 1048576K
Event: 192.992 GC heap after
Heap after GC invocations=23 (full 3):
 PSYoungGen      total 410624K, used 31517K [0x00000000e0000000, 0x00000000fbb00000, 0x0000000100000000)
  eden space 376832K, 0% used [0x00000000e0000000,0x00000000e0000000,0x00000000f7000000)
  from space 33792K, 93% used [0x00000000f9800000,0x00000000fb6c7548,0x00000000fb900000)
  to   space 38400K, 0% used [0x00000000f7000000,0x00000000f7000000,0x00000000f9580000)
 ParOldGen       total 161792K, used 69518K [0x00000000a0000000, 0x00000000a9e00000, 0x00000000e0000000)
  object space 161792K, 42% used [0x00000000a0000000,0x00000000a43e3bb0,0x00000000a9e00000)
 Metaspace       used 74813K, capacity 78112K, committed 78376K, reserved 1118208K
  class space    used 9789K, capacity 10462K, committed 10544K, reserved 1048576K
}
Event: 1110.243 GC heap before
{Heap before GC invocations=24 (full 3):
 PSYoungGen      total 410624K, used 408349K [0x00000000e0000000, 0x00000000fbb00000, 0x0000000100000000)
  eden space 376832K, 100% used [0x00000000e0000000,0x00000000f7000000,0x00000000f7000000)
  from space 33792K, 93% used [0x00000000f9800000,0x00000000fb6c7548,0x00000000fb900000)
  to   space 38400K, 0% used [0x00000000f7000000,0x00000000f7000000,0x00000000f9580000)
 ParOldGen       total 161792K, used 69518K [0x00000000a0000000, 0x00000000a9e00000, 0x00000000e0000000)
  object space 161792K, 42% used [0x00000000a0000000,0x00000000a43e3bb0,0x00000000a9e00000)
 Metaspace       used 82535K, capacity 86108K, committed 86184K, reserved 1124352K
  class space    used 10653K, capacity 11377K, committed 11440K, reserved 1048576K
Event: 1110.309 GC heap after
Heap after GC invocations=24 (full 3):
 PSYoungGen      total 400896K, used 38377K [0x00000000e0000000, 0x00000000fbf00000, 0x0000000100000000)
  eden space 362496K, 0% used [0x00000000e0000000,0x00000000e0000000,0x00000000f6200000)
  from space 38400K, 99% used [0x00000000f7000000,0x00000000f957a4c0,0x00000000f9580000)
  to   space 42496K, 0% used [0x00000000f9580000,0x00000000f9580000,0x00000000fbf00000)
 ParOldGen       total 161792K, used 78280K [0x00000000a0000000, 0x00000000a9e00000, 0x00000000e0000000)
  object space 161792K, 48% used [0x00000000a0000000,0x00000000a4c72378,0x00000000a9e00000)
 Metaspace       used 82535K, capacity 86108K, committed 86184K, reserved 1124352K
  class space    used 10653K, capacity 11377K, committed 11440K, reserved 1048576K
}
Event: 2540.510 GC heap before
{Heap before GC invocations=25 (full 3):
 PSYoungGen      total 400896K, used 400795K [0x00000000e0000000, 0x00000000fbf00000, 0x0000000100000000)
  eden space 362496K, 99% used [0x00000000e0000000,0x00000000f61ecac8,0x00000000f6200000)
  from space 38400K, 99% used [0x00000000f7000000,0x00000000f957a4c0,0x00000000f9580000)
  to   space 42496K, 0% used [0x00000000f9580000,0x00000000f9580000,0x00000000fbf00000)
 ParOldGen       total 161792K, used 78280K [0x00000000a0000000, 0x00000000a9e00000, 0x00000000e0000000)
  object space 161792K, 48% used [0x00000000a0000000,0x00000000a4c72378,0x00000000a9e00000)
 Metaspace       used 85359K, capacity 89070K, committed 89128K, reserved 1126400K
  class space    used 10825K, capacity 11566K, committed 11568K, reserved 1048576K
Event: 2540.601 GC heap after
Heap after GC invocations=25 (full 3):
 PSYoungGen      total 391168K, used 42490K [0x00000000e0000000, 0x00000000fbf80000, 0x0000000100000000)
  eden space 348672K, 0% used [0x00000000e0000000,0x00000000e0000000,0x00000000f5480000)
  from space 42496K, 99% used [0x00000000f9580000,0x00000000fbefeab0,0x00000000fbf00000)
  to   space 54784K, 0% used [0x00000000f5480000,0x00000000f5480000,0x00000000f8a00000)
 ParOldGen       total 161792K, used 82181K [0x00000000a0000000, 0x00000000a9e00000, 0x00000000e0000000)
  object space 161792K, 50% used [0x00000000a0000000,0x00000000a50415b8,0x00000000a9e00000)
 Metaspace       used 85359K, capacity 89070K, committed 89128K, reserved 1126400K
  class space    used 10825K, capacity 11566K, committed 11568K, reserved 1048576K
}

