# JRE version: OpenJDK Runtime Environment (8.0_152-b06) (build 1.8.0_152-release-1136-b06)
# Java VM: OpenJDK 64-Bit Server VM (25.152-b06 mixed mode windows-amd64 compressed oops)
Heap:
 PSYoungGen      total 314880K, used 206896K [0x00000000e0000000, 0x00000000f9b00000, 0x0000000100000000)
  eden space 258048K, 79% used [0x00000000e0000000,0x00000000ec981828,0x00000000efc00000)
  from space 56832K, 0% used [0x00000000efc00000,0x00000000efc8ab28,0x00000000f3380000)
  to   space 57856K, 0% used [0x00000000f6280000,0x00000000f6280000,0x00000000f9b00000)
 ParOldGen       total 157184K, used 95592K [0x00000000a0000000, 0x00000000a9980000, 0x00000000e0000000)
  object space 157184K, 60% used [0x00000000a0000000,0x00000000a5d5a380,0x00000000a9980000)
 Metaspace       used 91196K, capacity 94748K, committed 94976K, reserved 1132544K
  class space    used 11438K, capacity 12226K, committed 12288K, reserved 1048576K
GC Heap History (10 events):
Event: 1585.323 GC heap before
{Heap before GC invocations=30 (full 3):
 PSYoungGen      total 313344K, used 289359K [0x00000000e0000000, 0x00000000f8200000, 0x0000000100000000)
  eden space 248832K, 100% used [0x00000000e0000000,0x00000000ef300000,0x00000000ef300000)
  from space 64512K, 62% used [0x00000000f3380000,0x00000000f5b13c10,0x00000000f7280000)
  to   space 66048K, 0% used [0x00000000ef300000,0x00000000ef300000,0x00000000f3380000)
 ParOldGen       total 157184K, used 64296K [0x00000000a0000000, 0x00000000a9980000, 0x00000000e0000000)
  object space 157184K, 40% used [0x00000000a0000000,0x00000000a3eca300,0x00000000a9980000)
 Metaspace       used 90186K, capacity 93620K, committed 93824K, reserved 1130496K
  class space    used 11361K, capacity 12148K, committed 12160K, reserved 1048576K
Event: 1585.375 GC heap after
Heap after GC invocations=30 (full 3):
 PSYoungGen      total 314880K, used 24387K [0x00000000e0000000, 0x00000000f8200000, 0x0000000100000000)
  eden space 248832K, 0% used [0x00000000e0000000,0x00000000e0000000,0x00000000ef300000)
  from space 66048K, 36% used [0x00000000ef300000,0x00000000f0ad0e50,0x00000000f3380000)
  to   space 64512K, 0% used [0x00000000f3380000,0x00000000f3380000,0x00000000f7280000)
 ParOldGen       total 157184K, used 76680K [0x00000000a0000000, 0x00000000a9980000, 0x00000000e0000000)
  object space 157184K, 48% used [0x00000000a0000000,0x00000000a4ae2370,0x00000000a9980000)
 Metaspace       used 90186K, capacity 93620K, committed 93824K, reserved 1130496K
  class space    used 11361K, capacity 12148K, committed 12160K, reserved 1048576K
}
Event: 1586.802 GC heap before
{Heap before GC invocations=31 (full 3):
 PSYoungGen      total 314880K, used 273219K [0x00000000e0000000, 0x00000000f8200000, 0x0000000100000000)
  eden space 248832K, 100% used [0x00000000e0000000,0x00000000ef300000,0x00000000ef300000)
  from space 66048K, 36% used [0x00000000ef300000,0x00000000f0ad0e50,0x00000000f3380000)
  to   space 64512K, 0% used [0x00000000f3380000,0x00000000f3380000,0x00000000f7280000)
 ParOldGen       total 157184K, used 76680K [0x00000000a0000000, 0x00000000a9980000, 0x00000000e0000000)
  object space 157184K, 48% used [0x00000000a0000000,0x00000000a4ae2370,0x00000000a9980000)
 Metaspace       used 90269K, capacity 93712K, committed 93824K, reserved 1130496K
  class space    used 11361K, capacity 12148K, committed 12160K, reserved 1048576K
Event: 1586.843 GC heap after
Heap after GC invocations=31 (full 3):
 PSYoungGen      total 313344K, used 19326K [0x00000000e0000000, 0x00000000f8200000, 0x0000000100000000)
  eden space 248832K, 0% used [0x00000000e0000000,0x00000000e0000000,0x00000000ef300000)
  from space 64512K, 29% used [0x00000000f3380000,0x00000000f465fa90,0x00000000f7280000)
  to   space 66048K, 0% used [0x00000000ef300000,0x00000000ef300000,0x00000000f3380000)
 ParOldGen       total 157184K, used 78244K [0x00000000a0000000, 0x00000000a9980000, 0x00000000e0000000)
  object space 157184K, 49% used [0x00000000a0000000,0x00000000a4c69390,0x00000000a9980000)
 Metaspace       used 90269K, capacity 93712K, committed 93824K, reserved 1130496K
  class space    used 11361K, capacity 12148K, committed 12160K, reserved 1048576K
}
Event: 1587.990 GC heap before
{Heap before GC invocations=32 (full 3):
 PSYoungGen      total 313344K, used 268158K [0x00000000e0000000, 0x00000000f8200000, 0x0000000100000000)
  eden space 248832K, 100% used [0x00000000e0000000,0x00000000ef300000,0x00000000ef300000)
  from space 64512K, 29% used [0x00000000f3380000,0x00000000f465fa90,0x00000000f7280000)
  to   space 66048K, 0% used [0x00000000ef300000,0x00000000ef300000,0x00000000f3380000)
 ParOldGen       total 157184K, used 78244K [0x00000000a0000000, 0x00000000a9980000, 0x00000000e0000000)
  object space 157184K, 49% used [0x00000000a0000000,0x00000000a4c69390,0x00000000a9980000)
 Metaspace       used 90324K, capacity 93776K, committed 93824K, reserved 1130496K
  class space    used 11361K, capacity 12148K, committed 12160K, reserved 1048576K
Event: 1588.032 GC heap after
Heap after GC invocations=32 (full 3):
 PSYoungGen      total 314880K, used 19720K [0x00000000e0000000, 0x00000000f8200000, 0x0000000100000000)
  eden space 248832K, 0% used [0x00000000e0000000,0x00000000e0000000,0x00000000ef300000)
  from space 66048K, 29% used [0x00000000ef300000,0x00000000f0642280,0x00000000f3380000)
  to   space 64512K, 0% used [0x00000000f3380000,0x00000000f3380000,0x00000000f7280000)
 ParOldGen       total 157184K, used 85439K [0x00000000a0000000, 0x00000000a9980000, 0x00000000e0000000)
  object space 157184K, 54% used [0x00000000a0000000,0x00000000a536fc00,0x00000000a9980000)
 Metaspace       used 90324K, capacity 93776K, committed 93824K, reserved 1130496K
  class space    used 11361K, capacity 12148K, committed 12160K, reserved 1048576K
}
Event: 1589.105 GC heap before
{Heap before GC invocations=33 (full 3):
 PSYoungGen      total 314880K, used 268552K [0x00000000e0000000, 0x00000000f8200000, 0x0000000100000000)
  eden space 248832K, 100% used [0x00000000e0000000,0x00000000ef300000,0x00000000ef300000)
  from space 66048K, 29% used [0x00000000ef300000,0x00000000f0642280,0x00000000f3380000)
  to   space 64512K, 0% used [0x00000000f3380000,0x00000000f3380000,0x00000000f7280000)
 ParOldGen       total 157184K, used 85439K [0x00000000a0000000, 0x00000000a9980000, 0x00000000e0000000)
  object space 157184K, 54% used [0x00000000a0000000,0x00000000a536fc00,0x00000000a9980000)
 Metaspace       used 90363K, capacity 93854K, committed 94080K, reserved 1130496K
  class space    used 11363K, capacity 12151K, committed 12160K, reserved 1048576K
Event: 1589.138 GC heap after
Heap after GC invocations=33 (full 3):
 PSYoungGen      total 322560K, used 15183K [0x00000000e0000000, 0x00000000f9280000, 0x0000000100000000)
  eden space 258048K, 0% used [0x00000000e0000000,0x00000000e0000000,0x00000000efc00000)
  from space 64512K, 23% used [0x00000000f3380000,0x00000000f4253d10,0x00000000f7280000)
  to   space 56832K, 0% used [0x00000000efc00000,0x00000000efc00000,0x00000000f3380000)
 ParOldGen       total 157184K, used 91425K [0x00000000a0000000, 0x00000000a9980000, 0x00000000e0000000)
  object space 157184K, 58% used [0x00000000a0000000,0x00000000a59486e0,0x00000000a9980000)
 Metaspace       used 90363K, capacity 93854K, committed 94080K, reserved 1130496K
  class space    used 11363K, capacity 12151K, committed 12160K, reserved 1048576K
}
Event: 1591.703 GC heap before
{Heap before GC invocations=34 (full 3):
 PSYoungGen      total 322560K, used 273231K [0x00000000e0000000, 0x00000000f9280000, 0x0000000100000000)
  eden space 258048K, 100% used [0x00000000e0000000,0x00000000efc00000,0x00000000efc00000)
  from space 64512K, 23% used [0x00000000f3380000,0x00000000f4253d10,0x00000000f7280000)
  to   space 56832K, 0% used [0x00000000efc00000,0x00000000efc00000,0x00000000f3380000)
 ParOldGen       total 157184K, used 91425K [0x00000000a0000000, 0x00000000a9980000, 0x00000000e0000000)
  object space 157184K, 58% used [0x00000000a0000000,0x00000000a59486e0,0x00000000a9980000)
 Metaspace       used 90513K, capacity 94052K, committed 94208K, reserved 1130496K
  class space    used 11377K, capacity 12164K, committed 12288K, reserved 1048576K
Event: 1591.712 GC heap after
Heap after GC invocations=34 (full 3):
 PSYoungGen      total 314880K, used 554K [0x00000000e0000000, 0x00000000f9b00000, 0x0000000100000000)
  eden space 258048K, 0% used [0x00000000e0000000,0x00000000e0000000,0x00000000efc00000)
  from space 56832K, 0% used [0x00000000efc00000,0x00000000efc8ab28,0x00000000f3380000)
  to   space 57856K, 0% used [0x00000000f6280000,0x00000000f6280000,0x00000000f9b00000)
 ParOldGen       total 157184K, used 95592K [0x00000000a0000000, 0x00000000a9980000, 0x00000000e0000000)
  object space 157184K, 60% used [0x00000000a0000000,0x00000000a5d5a380,0x00000000a9980000)
 Metaspace       used 90513K, capacity 94052K, committed 94208K, reserved 1130496K
  class space    used 11377K, capacity 12164K, committed 12288K, reserved 1048576K
}

